{
    message: Database Connection Successfully,
    level: info,
    Project: UMS,
    Date: Fri Jun 09 2023 ,
    time: 23:37:41
  }
{
    message: listening on port 5000,
    level: info,
    Project: UMS,
    Date: Fri Jun 09 2023 ,
    time: 23:37:41
  }
{
    message: Database Connection Successfully,
    level: info,
    Project: UMS,
    Date: Fri Jun 09 2023 ,
    time: 23:37:59
  }
{
    message: listening on port 5000,
    level: info,
    Project: UMS,
    Date: Fri Jun 09 2023 ,
    time: 23:37:59
  }
