{
    message: Database Connection Successfully,
    level: info,
    Project: UMS,
    Date: Tue Jun 13 2023 ,
    time: 12:27:32
  }
{
    message: listening on port 5000,
    level: info,
    Project: UMS,
    Date: Tue Jun 13 2023 ,
    time: 12:27:32
  }
{
    message: Database Connection Successfully,
    level: info,
    Project: UMS,
    Date: Tue Jun 13 2023 ,
    time: 12:27:39
  }
{
    message: listening on port 5000,
    level: info,
    Project: UMS,
    Date: Tue Jun 13 2023 ,
    time: 12:27:39
  }
{
    message: Database Connection Successfully,
    level: info,
    Project: UMS,
    Date: Tue Jun 13 2023 ,
    time: 12:27:59
  }
{
    message: listening on port 5000,
    level: info,
    Project: UMS,
    Date: Tue Jun 13 2023 ,
    time: 12:27:59
  }
{
    message: Database Connection Successfully,
    level: info,
    Project: UMS,
    Date: Tue Jun 13 2023 ,
    time: 12:28:30
  }
{
    message: listening on port 5000,
    level: info,
    Project: UMS,
    Date: Tue Jun 13 2023 ,
    time: 12:28:30
  }
{
    message: Database Connection Successfully,
    level: info,
    Project: UMS,
    Date: Tue Jun 13 2023 ,
    time: 12:28:37
  }
{
    message: listening on port 5000,
    level: info,
    Project: UMS,
    Date: Tue Jun 13 2023 ,
    time: 12:28:37
  }
