{
    message: Database Connection Successfully,
    level: info,
    Project: UMS,
    Date: Sun Jun 11 2023 ,
    time: 20:22:29
  }
{
    message: listening on port 5000,
    level: info,
    Project: UMS,
    Date: Sun Jun 11 2023 ,
    time: 20:22:29
  }
{
    message: Database Connection Successfully,
    level: info,
    Project: UMS,
    Date: Sun Jun 11 2023 ,
    time: 20:23:28
  }
{
    message: listening on port 5000,
    level: info,
    Project: UMS,
    Date: Sun Jun 11 2023 ,
    time: 20:23:28
  }
{
    message: Database Connection Successfully,
    level: info,
    Project: UMS,
    Date: Sun Jun 11 2023 ,
    time: 20:24:56
  }
{
    message: listening on port 5000,
    level: info,
    Project: UMS,
    Date: Sun Jun 11 2023 ,
    time: 20:24:56
  }
{
    message: Database Connection Successfully,
    level: info,
    Project: UMS,
    Date: Sun Jun 11 2023 ,
    time: 20:25:25
  }
{
    message: listening on port 5000,
    level: info,
    Project: UMS,
    Date: Sun Jun 11 2023 ,
    time: 20:25:25
  }
{
    message: Database Connection Successfully,
    level: info,
    Project: UMS,
    Date: Sun Jun 11 2023 ,
    time: 20:26:47
  }
{
    message: listening on port 5000,
    level: info,
    Project: UMS,
    Date: Sun Jun 11 2023 ,
    time: 20:26:47
  }
{
    message: Database Connection Successfully,
    level: info,
    Project: UMS,
    Date: Sun Jun 11 2023 ,
    time: 20:26:50
  }
{
    message: listening on port 5000,
    level: info,
    Project: UMS,
    Date: Sun Jun 11 2023 ,
    time: 20:26:50
  }
{
    message: Database Connection Successfully,
    level: info,
    Project: UMS,
    Date: Sun Jun 11 2023 ,
    time: 20:27:40
  }
{
    message: listening on port 5000,
    level: info,
    Project: UMS,
    Date: Sun Jun 11 2023 ,
    time: 20:27:40
  }
{
    message: Database Connection Successfully,
    level: info,
    Project: UMS,
    Date: Sun Jun 11 2023 ,
    time: 20:27:55
  }
{
    message: listening on port 5000,
    level: info,
    Project: UMS,
    Date: Sun Jun 11 2023 ,
    time: 20:27:55
  }
{
    message: Database Connection Successfully,
    level: info,
    Project: UMS,
    Date: Sun Jun 11 2023 ,
    time: 20:29:7
  }
{
    message: listening on port 5000,
    level: info,
    Project: UMS,
    Date: Sun Jun 11 2023 ,
    time: 20:29:7
  }
{
    message: Database Connection Successfully,
    level: info,
    Project: UMS,
    Date: Sun Jun 11 2023 ,
    time: 20:30:2
  }
{
    message: listening on port 5000,
    level: info,
    Project: UMS,
    Date: Sun Jun 11 2023 ,
    time: 20:30:2
  }
{
    message: Database Connection Successfully,
    level: info,
    Project: UMS,
    Date: Sun Jun 11 2023 ,
    time: 20:30:38
  }
{
    message: listening on port 5000,
    level: info,
    Project: UMS,
    Date: Sun Jun 11 2023 ,
    time: 20:30:38
  }
{
    message: Database Connection Successfully,
    level: info,
    Project: UMS,
    Date: Sun Jun 11 2023 ,
    time: 20:31:7
  }
{
    message: listening on port 5000,
    level: info,
    Project: UMS,
    Date: Sun Jun 11 2023 ,
    time: 20:31:7
  }
{
    message: Database Connection Successfully,
    level: info,
    Project: UMS,
    Date: Sun Jun 11 2023 ,
    time: 20:31:13
  }
{
    message: listening on port 5000,
    level: info,
    Project: UMS,
    Date: Sun Jun 11 2023 ,
    time: 20:31:13
  }
{
    message: Database Connection Successfully,
    level: info,
    Project: UMS,
    Date: Sun Jun 11 2023 ,
    time: 20:31:33
  }
{
    message: listening on port 5000,
    level: info,
    Project: UMS,
    Date: Sun Jun 11 2023 ,
    time: 20:31:33
  }
{
    message: Database Connection Successfully,
    level: info,
    Project: UMS,
    Date: Sun Jun 11 2023 ,
    time: 20:32:1
  }
{
    message: listening on port 5000,
    level: info,
    Project: UMS,
    Date: Sun Jun 11 2023 ,
    time: 20:32:1
  }
{
    message: Database Connection Successfully,
    level: info,
    Project: UMS,
    Date: Sun Jun 11 2023 ,
    time: 20:46:50
  }
{
    message: listening on port 5000,
    level: info,
    Project: UMS,
    Date: Sun Jun 11 2023 ,
    time: 20:46:50
  }
{
    message: Database Connection Successfully,
    level: info,
    Project: UMS,
    Date: Sun Jun 11 2023 ,
    time: 20:48:5
  }
{
    message: listening on port 5000,
    level: info,
    Project: UMS,
    Date: Sun Jun 11 2023 ,
    time: 20:48:5
  }
{
    message: Database Connection Successfully,
    level: info,
    Project: UMS,
    Date: Sun Jun 11 2023 ,
    time: 20:48:13
  }
{
    message: listening on port 5000,
    level: info,
    Project: UMS,
    Date: Sun Jun 11 2023 ,
    time: 20:48:13
  }
{
    message: Database Connection Successfully,
    level: info,
    Project: UMS,
    Date: Sun Jun 11 2023 ,
    time: 20:48:19
  }
{
    message: listening on port 5000,
    level: info,
    Project: UMS,
    Date: Sun Jun 11 2023 ,
    time: 20:48:19
  }
{
    message: Database Connection Successfully,
    level: info,
    Project: UMS,
    Date: Sun Jun 11 2023 ,
    time: 20:48:36
  }
{
    message: listening on port 5000,
    level: info,
    Project: UMS,
    Date: Sun Jun 11 2023 ,
    time: 20:48:36
  }
{
    message: Database Connection Successfully,
    level: info,
    Project: UMS,
    Date: Sun Jun 11 2023 ,
    time: 20:53:24
  }
{
    message: listening on port 5000,
    level: info,
    Project: UMS,
    Date: Sun Jun 11 2023 ,
    time: 20:53:24
  }
{
    message: Database Connection Successfully,
    level: info,
    Project: UMS,
    Date: Sun Jun 11 2023 ,
    time: 20:54:31
  }
{
    message: listening on port 5000,
    level: info,
    Project: UMS,
    Date: Sun Jun 11 2023 ,
    time: 20:54:31
  }
