{
    message: Database Connection Successfully,
    level: info,
    Project: UMS,
    Date: Thu Jun 15 2023 ,
    time: 17:11:46
  }
{
    message: listening on port 5000,
    level: info,
    Project: UMS,
    Date: Thu Jun 15 2023 ,
    time: 17:11:46
  }
{
    message: Database Connection Successfully,
    level: info,
    Project: UMS,
    Date: Thu Jun 15 2023 ,
    time: 17:12:57
  }
{
    message: listening on port 5000,
    level: info,
    Project: UMS,
    Date: Thu Jun 15 2023 ,
    time: 17:12:57
  }
{
    message: Database Connection Successfully,
    level: info,
    Project: UMS,
    Date: Thu Jun 15 2023 ,
    time: 17:13:6
  }
{
    message: listening on port 5000,
    level: info,
    Project: UMS,
    Date: Thu Jun 15 2023 ,
    time: 17:13:7
  }
{
    message: Database Connection Successfully,
    level: info,
    Project: UMS,
    Date: Thu Jun 15 2023 ,
    time: 17:13:19
  }
{
    message: listening on port 5000,
    level: info,
    Project: UMS,
    Date: Thu Jun 15 2023 ,
    time: 17:13:19
  }
{
    message: Database Connection Successfully,
    level: info,
    Project: UMS,
    Date: Thu Jun 15 2023 ,
    time: 17:13:36
  }
{
    message: listening on port 5000,
    level: info,
    Project: UMS,
    Date: Thu Jun 15 2023 ,
    time: 17:13:36
  }
{
    message: Database Connection Successfully,
    level: info,
    Project: UMS,
    Date: Thu Jun 15 2023 ,
    time: 17:18:29
  }
{
    message: listening on port 5000,
    level: info,
    Project: UMS,
    Date: Thu Jun 15 2023 ,
    time: 17:18:29
  }
{
    message: Database Connection Successfully,
    level: info,
    Project: UMS,
    Date: Thu Jun 15 2023 ,
    time: 17:22:30
  }
{
    message: listening on port 5000,
    level: info,
    Project: UMS,
    Date: Thu Jun 15 2023 ,
    time: 17:22:30
  }
{
    message: Database Connection Successfully,
    level: info,
    Project: UMS,
    Date: Thu Jun 15 2023 ,
    time: 17:22:42
  }
{
    message: listening on port 5000,
    level: info,
    Project: UMS,
    Date: Thu Jun 15 2023 ,
    time: 17:22:42
  }
{
    message: Database Connection Successfully,
    level: info,
    Project: UMS,
    Date: Thu Jun 15 2023 ,
    time: 17:23:0
  }
{
    message: listening on port 5000,
    level: info,
    Project: UMS,
    Date: Thu Jun 15 2023 ,
    time: 17:23:0
  }
{
    message: Database Connection Successfully,
    level: info,
    Project: UMS,
    Date: Thu Jun 15 2023 ,
    time: 17:25:43
  }
{
    message: listening on port 5000,
    level: info,
    Project: UMS,
    Date: Thu Jun 15 2023 ,
    time: 17:25:43
  }
{
    message: Database Connection Successfully,
    level: info,
    Project: UMS,
    Date: Thu Jun 15 2023 ,
    time: 17:25:49
  }
{
    message: listening on port 5000,
    level: info,
    Project: UMS,
    Date: Thu Jun 15 2023 ,
    time: 17:25:49
  }
{
    message: Database Connection Successfully,
    level: info,
    Project: UMS,
    Date: Thu Jun 15 2023 ,
    time: 17:27:9
  }
{
    message: listening on port 5000,
    level: info,
    Project: UMS,
    Date: Thu Jun 15 2023 ,
    time: 17:27:9
  }
{
    message: Database Connection Successfully,
    level: info,
    Project: UMS,
    Date: Thu Jun 15 2023 ,
    time: 17:27:13
  }
{
    message: listening on port 5000,
    level: info,
    Project: UMS,
    Date: Thu Jun 15 2023 ,
    time: 17:27:13
  }
{
    message: Database Connection Successfully,
    level: info,
    Project: UMS,
    Date: Thu Jun 15 2023 ,
    time: 17:27:43
  }
{
    message: listening on port 5000,
    level: info,
    Project: UMS,
    Date: Thu Jun 15 2023 ,
    time: 17:27:43
  }
{
    message: Database Connection Successfully,
    level: info,
    Project: UMS,
    Date: Thu Jun 15 2023 ,
    time: 17:27:50
  }
{
    message: listening on port 5000,
    level: info,
    Project: UMS,
    Date: Thu Jun 15 2023 ,
    time: 17:27:50
  }
{
    message: Database Connection Successfully,
    level: info,
    Project: UMS,
    Date: Thu Jun 15 2023 ,
    time: 17:27:56
  }
{
    message: listening on port 5000,
    level: info,
    Project: UMS,
    Date: Thu Jun 15 2023 ,
    time: 17:27:56
  }
{
    message: Database Connection Successfully,
    level: info,
    Project: UMS,
    Date: Thu Jun 15 2023 ,
    time: 17:28:0
  }
{
    message: listening on port 5000,
    level: info,
    Project: UMS,
    Date: Thu Jun 15 2023 ,
    time: 17:28:0
  }
{
    message: Database Connection Successfully,
    level: info,
    Project: UMS,
    Date: Thu Jun 15 2023 ,
    time: 17:28:12
  }
{
    message: listening on port 5000,
    level: info,
    Project: UMS,
    Date: Thu Jun 15 2023 ,
    time: 17:28:12
  }
{
    message: Database Connection Successfully,
    level: info,
    Project: UMS,
    Date: Thu Jun 15 2023 ,
    time: 17:28:16
  }
{
    message: listening on port 5000,
    level: info,
    Project: UMS,
    Date: Thu Jun 15 2023 ,
    time: 17:28:16
  }
{
    message: Database Connection Successfully,
    level: info,
    Project: UMS,
    Date: Thu Jun 15 2023 ,
    time: 17:29:23
  }
{
    message: listening on port 5000,
    level: info,
    Project: UMS,
    Date: Thu Jun 15 2023 ,
    time: 17:29:23
  }
{
    message: Database Connection Successfully,
    level: info,
    Project: UMS,
    Date: Thu Jun 15 2023 ,
    time: 17:29:28
  }
{
    message: listening on port 5000,
    level: info,
    Project: UMS,
    Date: Thu Jun 15 2023 ,
    time: 17:29:28
  }
{
    message: Database Connection Successfully,
    level: info,
    Project: UMS,
    Date: Thu Jun 15 2023 ,
    time: 17:32:13
  }
{
    message: listening on port 5000,
    level: info,
    Project: UMS,
    Date: Thu Jun 15 2023 ,
    time: 17:32:14
  }
{
    message: Database Connection Successfully,
    level: info,
    Project: UMS,
    Date: Thu Jun 15 2023 ,
    time: 17:33:18
  }
{
    message: listening on port 5000,
    level: info,
    Project: UMS,
    Date: Thu Jun 15 2023 ,
    time: 17:33:18
  }
{
    message: Database Connection Successfully,
    level: info,
    Project: UMS,
    Date: Thu Jun 15 2023 ,
    time: 17:33:26
  }
{
    message: listening on port 5000,
    level: info,
    Project: UMS,
    Date: Thu Jun 15 2023 ,
    time: 17:33:26
  }
{
    message: Database Connection Successfully,
    level: info,
    Project: UMS,
    Date: Thu Jun 15 2023 ,
    time: 17:59:9
  }
{
    message: listening on port 5000,
    level: info,
    Project: UMS,
    Date: Thu Jun 15 2023 ,
    time: 17:59:9
  }
{
    message: Database Connection Successfully,
    level: info,
    Project: UMS,
    Date: Thu Jun 15 2023 ,
    time: 17:59:22
  }
{
    message: listening on port 5000,
    level: info,
    Project: UMS,
    Date: Thu Jun 15 2023 ,
    time: 17:59:22
  }
{
    message: Database Connection Successfully,
    level: info,
    Project: UMS,
    Date: Thu Jun 15 2023 ,
    time: 17:59:50
  }
{
    message: listening on port 5000,
    level: info,
    Project: UMS,
    Date: Thu Jun 15 2023 ,
    time: 17:59:50
  }
