{
    message: Database Connection Successfully,
    level: info,
    Project: UMS,
    Date: Thu Jun 15 2023 ,
    time: 11:11:51
  }
{
    message: listening on port 5000,
    level: info,
    Project: UMS,
    Date: Thu Jun 15 2023 ,
    time: 11:11:51
  }
{
    message: Database Connection Successfully,
    level: info,
    Project: UMS,
    Date: Thu Jun 15 2023 ,
    time: 11:13:2
  }
{
    message: listening on port 5000,
    level: info,
    Project: UMS,
    Date: Thu Jun 15 2023 ,
    time: 11:13:2
  }
{
    message: Database Connection Successfully,
    level: info,
    Project: UMS,
    Date: Thu Jun 15 2023 ,
    time: 11:13:24
  }
{
    message: listening on port 5000,
    level: info,
    Project: UMS,
    Date: Thu Jun 15 2023 ,
    time: 11:13:24
  }
{
    message: Database Connection Successfully,
    level: info,
    Project: UMS,
    Date: Thu Jun 15 2023 ,
    time: 11:17:12
  }
{
    message: listening on port 5000,
    level: info,
    Project: UMS,
    Date: Thu Jun 15 2023 ,
    time: 11:17:12
  }
{
    message: Database Connection Successfully,
    level: info,
    Project: UMS,
    Date: Thu Jun 15 2023 ,
    time: 11:22:29
  }
{
    message: listening on port 5000,
    level: info,
    Project: UMS,
    Date: Thu Jun 15 2023 ,
    time: 11:22:29
  }
{
    message: Database Connection Successfully,
    level: info,
    Project: UMS,
    Date: Thu Jun 15 2023 ,
    time: 11:22:40
  }
{
    message: listening on port 5000,
    level: info,
    Project: UMS,
    Date: Thu Jun 15 2023 ,
    time: 11:22:40
  }
{
    message: Database Connection Successfully,
    level: info,
    Project: UMS,
    Date: Thu Jun 15 2023 ,
    time: 11:22:49
  }
{
    message: listening on port 5000,
    level: info,
    Project: UMS,
    Date: Thu Jun 15 2023 ,
    time: 11:22:49
  }
{
    message: Database Connection Successfully,
    level: info,
    Project: UMS,
    Date: Thu Jun 15 2023 ,
    time: 11:26:7
  }
{
    message: listening on port 5000,
    level: info,
    Project: UMS,
    Date: Thu Jun 15 2023 ,
    time: 11:26:7
  }
