{
    message: Database Connection Successfully,
    level: info,
    Project: UMS,
    Date: Mon Jun 12 2023 ,
    time: 23:36:2
  }
{
    message: listening on port 5000,
    level: info,
    Project: UMS,
    Date: Mon Jun 12 2023 ,
    time: 23:36:2
  }
{
    message: Database Connection Successfully,
    level: info,
    Project: UMS,
    Date: Mon Jun 12 2023 ,
    time: 23:37:51
  }
{
    message: listening on port 5000,
    level: info,
    Project: UMS,
    Date: Mon Jun 12 2023 ,
    time: 23:37:51
  }
{
    message: Database Connection Successfully,
    level: info,
    Project: UMS,
    Date: Mon Jun 12 2023 ,
    time: 23:37:56
  }
{
    message: listening on port 5000,
    level: info,
    Project: UMS,
    Date: Mon Jun 12 2023 ,
    time: 23:37:56
  }
{
    message: Database Connection Successfully,
    level: info,
    Project: UMS,
    Date: Mon Jun 12 2023 ,
    time: 23:38:3
  }
{
    message: listening on port 5000,
    level: info,
    Project: UMS,
    Date: Mon Jun 12 2023 ,
    time: 23:38:3
  }
{
    message: Database Connection Successfully,
    level: info,
    Project: UMS,
    Date: Mon Jun 12 2023 ,
    time: 23:38:8
  }
{
    message: listening on port 5000,
    level: info,
    Project: UMS,
    Date: Mon Jun 12 2023 ,
    time: 23:38:8
  }
{
    message: Database Connection Successfully,
    level: info,
    Project: UMS,
    Date: Mon Jun 12 2023 ,
    time: 23:38:16
  }
{
    message: listening on port 5000,
    level: info,
    Project: UMS,
    Date: Mon Jun 12 2023 ,
    time: 23:38:17
  }
{
    message: Database Connection Successfully,
    level: info,
    Project: UMS,
    Date: Mon Jun 12 2023 ,
    time: 23:39:33
  }
{
    message: listening on port 5000,
    level: info,
    Project: UMS,
    Date: Mon Jun 12 2023 ,
    time: 23:39:33
  }
{
    message: Database Connection Successfully,
    level: info,
    Project: UMS,
    Date: Mon Jun 12 2023 ,
    time: 23:39:42
  }
{
    message: listening on port 5000,
    level: info,
    Project: UMS,
    Date: Mon Jun 12 2023 ,
    time: 23:39:42
  }
{
    message: Database Connection Successfully,
    level: info,
    Project: UMS,
    Date: Mon Jun 12 2023 ,
    time: 23:42:21
  }
{
    message: listening on port 5000,
    level: info,
    Project: UMS,
    Date: Mon Jun 12 2023 ,
    time: 23:42:21
  }
{
    message: Database Connection Successfully,
    level: info,
    Project: UMS,
    Date: Mon Jun 12 2023 ,
    time: 23:46:50
  }
{
    message: listening on port 5000,
    level: info,
    Project: UMS,
    Date: Mon Jun 12 2023 ,
    time: 23:46:50
  }
{
    message: Database Connection Successfully,
    level: info,
    Project: UMS,
    Date: Mon Jun 12 2023 ,
    time: 23:47:14
  }
{
    message: listening on port 5000,
    level: info,
    Project: UMS,
    Date: Mon Jun 12 2023 ,
    time: 23:47:14
  }
{
    message: Database Connection Successfully,
    level: info,
    Project: UMS,
    Date: Mon Jun 12 2023 ,
    time: 23:47:27
  }
{
    message: listening on port 5000,
    level: info,
    Project: UMS,
    Date: Mon Jun 12 2023 ,
    time: 23:47:27
  }
