{
    message: Database Connection Successfully,
    level: info,
    Project: UMS,
    Date: Tue Jun 13 2023 ,
    time: 11:13:22
  }
{
    message: listening on port 5000,
    level: info,
    Project: UMS,
    Date: Tue Jun 13 2023 ,
    time: 11:13:22
  }
{
    message: Database Connection Successfully,
    level: info,
    Project: UMS,
    Date: Tue Jun 13 2023 ,
    time: 11:32:6
  }
{
    message: listening on port 5000,
    level: info,
    Project: UMS,
    Date: Tue Jun 13 2023 ,
    time: 11:32:6
  }
{
    message: Database Connection Successfully,
    level: info,
    Project: UMS,
    Date: Tue Jun 13 2023 ,
    time: 11:36:50
  }
{
    message: listening on port 5000,
    level: info,
    Project: UMS,
    Date: Tue Jun 13 2023 ,
    time: 11:36:50
  }
{
    message: Database Connection Successfully,
    level: info,
    Project: UMS,
    Date: Tue Jun 13 2023 ,
    time: 11:37:20
  }
{
    message: listening on port 5000,
    level: info,
    Project: UMS,
    Date: Tue Jun 13 2023 ,
    time: 11:37:20
  }
{
    message: Database Connection Successfully,
    level: info,
    Project: UMS,
    Date: Tue Jun 13 2023 ,
    time: 11:43:15
  }
{
    message: listening on port 5000,
    level: info,
    Project: UMS,
    Date: Tue Jun 13 2023 ,
    time: 11:43:15
  }
{
    message: Database Connection Successfully,
    level: info,
    Project: UMS,
    Date: Tue Jun 13 2023 ,
    time: 11:44:4
  }
{
    message: listening on port 5000,
    level: info,
    Project: UMS,
    Date: Tue Jun 13 2023 ,
    time: 11:44:4
  }
{
    message: Database Connection Successfully,
    level: info,
    Project: UMS,
    Date: Tue Jun 13 2023 ,
    time: 11:45:26
  }
{
    message: listening on port 5000,
    level: info,
    Project: UMS,
    Date: Tue Jun 13 2023 ,
    time: 11:45:26
  }
