{
    message: Database Connection Successfully,
    level: info,
    Project: UMS,
    Date: Wed Jun 14 2023 ,
    time: 12:14:18
  }
{
    message: listening on port 5000,
    level: info,
    Project: UMS,
    Date: Wed Jun 14 2023 ,
    time: 12:14:18
  }
{
    message: Database Connection Successfully,
    level: info,
    Project: UMS,
    Date: Wed Jun 14 2023 ,
    time: 12:14:25
  }
{
    message: listening on port 5000,
    level: info,
    Project: UMS,
    Date: Wed Jun 14 2023 ,
    time: 12:14:25
  }
{
    message: Database Connection Successfully,
    level: info,
    Project: UMS,
    Date: Wed Jun 14 2023 ,
    time: 12:16:47
  }
{
    message: listening on port 5000,
    level: info,
    Project: UMS,
    Date: Wed Jun 14 2023 ,
    time: 12:16:47
  }
{
    message: Database Connection Successfully,
    level: info,
    Project: UMS,
    Date: Wed Jun 14 2023 ,
    time: 12:18:14
  }
{
    message: listening on port 5000,
    level: info,
    Project: UMS,
    Date: Wed Jun 14 2023 ,
    time: 12:18:14
  }
{
    message: Database Connection Successfully,
    level: info,
    Project: UMS,
    Date: Wed Jun 14 2023 ,
    time: 12:33:11
  }
{
    message: listening on port 5000,
    level: info,
    Project: UMS,
    Date: Wed Jun 14 2023 ,
    time: 12:33:11
  }
{
    message: Database Connection Successfully,
    level: info,
    Project: UMS,
    Date: Wed Jun 14 2023 ,
    time: 12:34:15
  }
{
    message: listening on port 5000,
    level: info,
    Project: UMS,
    Date: Wed Jun 14 2023 ,
    time: 12:34:15
  }
{
    message: Database Connection Successfully,
    level: info,
    Project: UMS,
    Date: Wed Jun 14 2023 ,
    time: 12:34:22
  }
{
    message: listening on port 5000,
    level: info,
    Project: UMS,
    Date: Wed Jun 14 2023 ,
    time: 12:34:22
  }
{
    message: Database Connection Successfully,
    level: info,
    Project: UMS,
    Date: Wed Jun 14 2023 ,
    time: 12:34:42
  }
{
    message: listening on port 5000,
    level: info,
    Project: UMS,
    Date: Wed Jun 14 2023 ,
    time: 12:34:42
  }
