{
    message: Database Connection Successfully,
    level: info,
    Project: UMS,
    Date: Tue Jun 13 2023 ,
    time: 9:46:14
  }
{
    message: listening on port 5000,
    level: info,
    Project: UMS,
    Date: Tue Jun 13 2023 ,
    time: 9:46:14
  }
{
    message: Database Connection Successfully,
    level: info,
    Project: UMS,
    Date: Tue Jun 13 2023 ,
    time: 9:51:37
  }
{
    message: listening on port 5000,
    level: info,
    Project: UMS,
    Date: Tue Jun 13 2023 ,
    time: 9:51:37
  }
{
    message: Database Connection Successfully,
    level: info,
    Project: UMS,
    Date: Tue Jun 13 2023 ,
    time: 9:52:25
  }
{
    message: listening on port 5000,
    level: info,
    Project: UMS,
    Date: Tue Jun 13 2023 ,
    time: 9:52:25
  }
{
    message: Database Connection Successfully,
    level: info,
    Project: UMS,
    Date: Tue Jun 13 2023 ,
    time: 9:52:55
  }
{
    message: listening on port 5000,
    level: info,
    Project: UMS,
    Date: Tue Jun 13 2023 ,
    time: 9:52:55
  }
{
    message: Database Connection Successfully,
    level: info,
    Project: UMS,
    Date: Tue Jun 13 2023 ,
    time: 9:53:59
  }
{
    message: listening on port 5000,
    level: info,
    Project: UMS,
    Date: Tue Jun 13 2023 ,
    time: 9:53:59
  }
{
    message: Database Connection Successfully,
    level: info,
    Project: UMS,
    Date: Tue Jun 13 2023 ,
    time: 9:54:24
  }
{
    message: listening on port 5000,
    level: info,
    Project: UMS,
    Date: Tue Jun 13 2023 ,
    time: 9:54:24
  }
{
    message: Database Connection Successfully,
    level: info,
    Project: UMS,
    Date: Tue Jun 13 2023 ,
    time: 9:54:49
  }
{
    message: listening on port 5000,
    level: info,
    Project: UMS,
    Date: Tue Jun 13 2023 ,
    time: 9:54:49
  }
{
    message: Database Connection Successfully,
    level: info,
    Project: UMS,
    Date: Tue Jun 13 2023 ,
    time: 9:55:10
  }
{
    message: listening on port 5000,
    level: info,
    Project: UMS,
    Date: Tue Jun 13 2023 ,
    time: 9:55:10
  }
{
    message: Database Connection Successfully,
    level: info,
    Project: UMS,
    Date: Tue Jun 13 2023 ,
    time: 9:56:27
  }
{
    message: listening on port 5000,
    level: info,
    Project: UMS,
    Date: Tue Jun 13 2023 ,
    time: 9:56:27
  }
{
    message: Database Connection Successfully,
    level: info,
    Project: UMS,
    Date: Tue Jun 13 2023 ,
    time: 9:57:8
  }
{
    message: listening on port 5000,
    level: info,
    Project: UMS,
    Date: Tue Jun 13 2023 ,
    time: 9:57:8
  }
{
    message: Database Connection Successfully,
    level: info,
    Project: UMS,
    Date: Tue Jun 13 2023 ,
    time: 9:58:4
  }
{
    message: listening on port 5000,
    level: info,
    Project: UMS,
    Date: Tue Jun 13 2023 ,
    time: 9:58:4
  }
{
    message: Database Connection Successfully,
    level: info,
    Project: UMS,
    Date: Tue Jun 13 2023 ,
    time: 9:58:21
  }
{
    message: listening on port 5000,
    level: info,
    Project: UMS,
    Date: Tue Jun 13 2023 ,
    time: 9:58:21
  }
{
    message: Database Connection Successfully,
    level: info,
    Project: UMS,
    Date: Tue Jun 13 2023 ,
    time: 9:58:24
  }
{
    message: listening on port 5000,
    level: info,
    Project: UMS,
    Date: Tue Jun 13 2023 ,
    time: 9:58:24
  }
{
    message: Database Connection Successfully,
    level: info,
    Project: UMS,
    Date: Tue Jun 13 2023 ,
    time: 9:58:29
  }
{
    message: listening on port 5000,
    level: info,
    Project: UMS,
    Date: Tue Jun 13 2023 ,
    time: 9:58:29
  }
{
    message: Database Connection Successfully,
    level: info,
    Project: UMS,
    Date: Tue Jun 13 2023 ,
    time: 9:58:36
  }
{
    message: listening on port 5000,
    level: info,
    Project: UMS,
    Date: Tue Jun 13 2023 ,
    time: 9:58:36
  }
{
    message: Database Connection Successfully,
    level: info,
    Project: UMS,
    Date: Tue Jun 13 2023 ,
    time: 9:59:52
  }
{
    message: listening on port 5000,
    level: info,
    Project: UMS,
    Date: Tue Jun 13 2023 ,
    time: 9:59:52
  }
