{
    message: Database Connection Successfully,
    level: info,
    Project: UMS,
    Date: Sat Jun 03 2023 ,
    time: 0:0:17
  }
{
    message: listening on port 5000,
    level: info,
    Project: UMS,
    Date: Sat Jun 03 2023 ,
    time: 0:0:18
  }
{
    message: Database Connection Successfully,
    level: info,
    Project: UMS,
    Date: Sat Jun 03 2023 ,
    time: 0:0:59
  }
{
    message: Database Connection Successfully,
    level: info,
    Project: UMS,
    Date: Sat Jun 03 2023 ,
    time: 0:2:45
  }
{
    message: Database Connection Successfully,
    level: info,
    Project: UMS,
    Date: Sat Jun 03 2023 ,
    time: 0:3:2
  }
{
    message: listening on port 5000,
    level: info,
    Project: UMS,
    Date: Sat Jun 03 2023 ,
    time: 0:3:2
  }
