{
    message: Database Connection Successfully,
    level: info,
    Project: UMS,
    Date: Sat Jun 10 2023 ,
    time: 22:27:52
  }
{
    message: listening on port 5000,
    level: info,
    Project: UMS,
    Date: Sat Jun 10 2023 ,
    time: 22:27:52
  }
{
    message: Database Connection Successfully,
    level: info,
    Project: UMS,
    Date: Sat Jun 10 2023 ,
    time: 22:52:1
  }
{
    message: listening on port 5000,
    level: info,
    Project: UMS,
    Date: Sat Jun 10 2023 ,
    time: 22:52:1
  }
{
    message: Database Connection Successfully,
    level: info,
    Project: UMS,
    Date: Sat Jun 10 2023 ,
    time: 22:52:7
  }
{
    message: listening on port 5000,
    level: info,
    Project: UMS,
    Date: Sat Jun 10 2023 ,
    time: 22:52:7
  }
