{
    message: Database Connection Successfully,
    level: info,
    Project: UMS,
    Date: Thu Jun 15 2023 ,
    time: 16:41:24
  }
{
    message: listening on port 5000,
    level: info,
    Project: UMS,
    Date: Thu Jun 15 2023 ,
    time: 16:41:24
  }
{
    message: Database Connection Successfully,
    level: info,
    Project: UMS,
    Date: Thu Jun 15 2023 ,
    time: 16:42:49
  }
{
    message: listening on port 5000,
    level: info,
    Project: UMS,
    Date: Thu Jun 15 2023 ,
    time: 16:42:49
  }
{
    message: Database Connection Successfully,
    level: info,
    Project: UMS,
    Date: Thu Jun 15 2023 ,
    time: 16:44:25
  }
{
    message: listening on port 5000,
    level: info,
    Project: UMS,
    Date: Thu Jun 15 2023 ,
    time: 16:44:25
  }
