{
    message: Database Connection Successfully,
    level: info,
    Project: UMS,
    Date: Wed Jun 14 2023 ,
    time: 21:39:27
  }
{
    message: listening on port 5000,
    level: info,
    Project: UMS,
    Date: Wed Jun 14 2023 ,
    time: 21:39:28
  }
{
    message: Database Connection Successfully,
    level: info,
    Project: UMS,
    Date: Wed Jun 14 2023 ,
    time: 21:40:47
  }
{
    message: listening on port 5000,
    level: info,
    Project: UMS,
    Date: Wed Jun 14 2023 ,
    time: 21:40:47
  }
{
    message: Database Connection Successfully,
    level: info,
    Project: UMS,
    Date: Wed Jun 14 2023 ,
    time: 21:42:37
  }
{
    message: listening on port 5000,
    level: info,
    Project: UMS,
    Date: Wed Jun 14 2023 ,
    time: 21:42:37
  }
{
    message: Database Connection Successfully,
    level: info,
    Project: UMS,
    Date: Wed Jun 14 2023 ,
    time: 21:43:13
  }
{
    message: listening on port 5000,
    level: info,
    Project: UMS,
    Date: Wed Jun 14 2023 ,
    time: 21:43:13
  }
{
    message: Database Connection Successfully,
    level: info,
    Project: UMS,
    Date: Wed Jun 14 2023 ,
    time: 21:43:22
  }
{
    message: listening on port 5000,
    level: info,
    Project: UMS,
    Date: Wed Jun 14 2023 ,
    time: 21:43:22
  }
{
    message: Database Connection Successfully,
    level: info,
    Project: UMS,
    Date: Wed Jun 14 2023 ,
    time: 21:44:18
  }
{
    message: listening on port 5000,
    level: info,
    Project: UMS,
    Date: Wed Jun 14 2023 ,
    time: 21:44:18
  }
{
    message: Database Connection Successfully,
    level: info,
    Project: UMS,
    Date: Wed Jun 14 2023 ,
    time: 21:44:37
  }
{
    message: listening on port 5000,
    level: info,
    Project: UMS,
    Date: Wed Jun 14 2023 ,
    time: 21:44:37
  }
{
    message: Database Connection Successfully,
    level: info,
    Project: UMS,
    Date: Wed Jun 14 2023 ,
    time: 21:44:44
  }
{
    message: listening on port 5000,
    level: info,
    Project: UMS,
    Date: Wed Jun 14 2023 ,
    time: 21:44:44
  }
{
    message: Database Connection Successfully,
    level: info,
    Project: UMS,
    Date: Wed Jun 14 2023 ,
    time: 21:44:52
  }
{
    message: listening on port 5000,
    level: info,
    Project: UMS,
    Date: Wed Jun 14 2023 ,
    time: 21:44:52
  }
{
    message: Database Connection Successfully,
    level: info,
    Project: UMS,
    Date: Wed Jun 14 2023 ,
    time: 21:45:27
  }
{
    message: listening on port 5000,
    level: info,
    Project: UMS,
    Date: Wed Jun 14 2023 ,
    time: 21:45:27
  }
{
    message: Database Connection Successfully,
    level: info,
    Project: UMS,
    Date: Wed Jun 14 2023 ,
    time: 21:45:36
  }
{
    message: listening on port 5000,
    level: info,
    Project: UMS,
    Date: Wed Jun 14 2023 ,
    time: 21:45:36
  }
{
    message: Database Connection Successfully,
    level: info,
    Project: UMS,
    Date: Wed Jun 14 2023 ,
    time: 21:45:40
  }
{
    message: listening on port 5000,
    level: info,
    Project: UMS,
    Date: Wed Jun 14 2023 ,
    time: 21:45:40
  }
{
    message: Database Connection Successfully,
    level: info,
    Project: UMS,
    Date: Wed Jun 14 2023 ,
    time: 21:45:50
  }
{
    message: listening on port 5000,
    level: info,
    Project: UMS,
    Date: Wed Jun 14 2023 ,
    time: 21:45:50
  }
{
    message: Database Connection Successfully,
    level: info,
    Project: UMS,
    Date: Wed Jun 14 2023 ,
    time: 21:51:19
  }
{
    message: listening on port 5000,
    level: info,
    Project: UMS,
    Date: Wed Jun 14 2023 ,
    time: 21:51:19
  }
{
    message: Database Connection Successfully,
    level: info,
    Project: UMS,
    Date: Wed Jun 14 2023 ,
    time: 21:51:47
  }
{
    message: listening on port 5000,
    level: info,
    Project: UMS,
    Date: Wed Jun 14 2023 ,
    time: 21:51:47
  }
{
    message: Database Connection Successfully,
    level: info,
    Project: UMS,
    Date: Wed Jun 14 2023 ,
    time: 21:55:25
  }
{
    message: listening on port 5000,
    level: info,
    Project: UMS,
    Date: Wed Jun 14 2023 ,
    time: 21:55:25
  }
{
    message: Database Connection Successfully,
    level: info,
    Project: UMS,
    Date: Wed Jun 14 2023 ,
    time: 21:55:30
  }
{
    message: listening on port 5000,
    level: info,
    Project: UMS,
    Date: Wed Jun 14 2023 ,
    time: 21:55:30
  }
