{
    message: Database Connection Successfully,
    level: info,
    Project: UMS,
    Date: Tue Jun 13 2023 ,
    time: 21:20:55
  }
{
    message: listening on port 5000,
    level: info,
    Project: UMS,
    Date: Tue Jun 13 2023 ,
    time: 21:20:55
  }
{
    message: Database Connection Successfully,
    level: info,
    Project: UMS,
    Date: Tue Jun 13 2023 ,
    time: 21:21:32
  }
{
    message: listening on port 5000,
    level: info,
    Project: UMS,
    Date: Tue Jun 13 2023 ,
    time: 21:21:32
  }
{
    message: Database Connection Successfully,
    level: info,
    Project: UMS,
    Date: Tue Jun 13 2023 ,
    time: 21:23:25
  }
{
    message: listening on port 5000,
    level: info,
    Project: UMS,
    Date: Tue Jun 13 2023 ,
    time: 21:23:25
  }
{
    message: Database Connection Successfully,
    level: info,
    Project: UMS,
    Date: Tue Jun 13 2023 ,
    time: 21:25:30
  }
{
    message: listening on port 5000,
    level: info,
    Project: UMS,
    Date: Tue Jun 13 2023 ,
    time: 21:25:30
  }
{
    message: Database Connection Successfully,
    level: info,
    Project: UMS,
    Date: Tue Jun 13 2023 ,
    time: 21:27:1
  }
{
    message: listening on port 5000,
    level: info,
    Project: UMS,
    Date: Tue Jun 13 2023 ,
    time: 21:27:1
  }
{
    message: Database Connection Successfully,
    level: info,
    Project: UMS,
    Date: Tue Jun 13 2023 ,
    time: 21:27:10
  }
{
    message: listening on port 5000,
    level: info,
    Project: UMS,
    Date: Tue Jun 13 2023 ,
    time: 21:27:10
  }
{
    message: Database Connection Successfully,
    level: info,
    Project: UMS,
    Date: Tue Jun 13 2023 ,
    time: 21:28:27
  }
{
    message: listening on port 5000,
    level: info,
    Project: UMS,
    Date: Tue Jun 13 2023 ,
    time: 21:28:27
  }
{
    message: Database Connection Successfully,
    level: info,
    Project: UMS,
    Date: Tue Jun 13 2023 ,
    time: 21:29:28
  }
{
    message: Database Connection Successfully,
    level: info,
    Project: UMS,
    Date: Tue Jun 13 2023 ,
    time: 21:30:2
  }
{
    message: listening on port 5000,
    level: info,
    Project: UMS,
    Date: Tue Jun 13 2023 ,
    time: 21:30:2
  }
{
    message: Database Connection Successfully,
    level: info,
    Project: UMS,
    Date: Tue Jun 13 2023 ,
    time: 21:30:22
  }
{
    message: listening on port 5000,
    level: info,
    Project: UMS,
    Date: Tue Jun 13 2023 ,
    time: 21:30:22
  }
{
    message: Database Connection Successfully,
    level: info,
    Project: UMS,
    Date: Tue Jun 13 2023 ,
    time: 21:30:48
  }
{
    message: listening on port 5000,
    level: info,
    Project: UMS,
    Date: Tue Jun 13 2023 ,
    time: 21:30:48
  }
{
    message: Database Connection Successfully,
    level: info,
    Project: UMS,
    Date: Tue Jun 13 2023 ,
    time: 21:43:18
  }
{
    message: listening on port 5000,
    level: info,
    Project: UMS,
    Date: Tue Jun 13 2023 ,
    time: 21:43:18
  }
{
    message: Database Connection Successfully,
    level: info,
    Project: UMS,
    Date: Tue Jun 13 2023 ,
    time: 21:45:54
  }
{
    message: listening on port 5000,
    level: info,
    Project: UMS,
    Date: Tue Jun 13 2023 ,
    time: 21:45:54
  }
