{
    message: Database Connection Successfully,
    level: info,
    Project: UMS,
    Date: Tue Jun 13 2023 ,
    time: 0:0:2
  }
{
    message: listening on port 5000,
    level: info,
    Project: UMS,
    Date: Tue Jun 13 2023 ,
    time: 0:0:2
  }
{
    message: Database Connection Successfully,
    level: info,
    Project: UMS,
    Date: Tue Jun 13 2023 ,
    time: 0:0:6
  }
{
    message: listening on port 5000,
    level: info,
    Project: UMS,
    Date: Tue Jun 13 2023 ,
    time: 0:0:6
  }
{
    message: Database Connection Successfully,
    level: info,
    Project: UMS,
    Date: Tue Jun 13 2023 ,
    time: 0:0:24
  }
{
    message: listening on port 5000,
    level: info,
    Project: UMS,
    Date: Tue Jun 13 2023 ,
    time: 0:0:24
  }
{
    message: Database Connection Successfully,
    level: info,
    Project: UMS,
    Date: Tue Jun 13 2023 ,
    time: 0:5:28
  }
{
    message: listening on port 5000,
    level: info,
    Project: UMS,
    Date: Tue Jun 13 2023 ,
    time: 0:5:28
  }
{
    message: Database Connection Successfully,
    level: info,
    Project: UMS,
    Date: Tue Jun 13 2023 ,
    time: 0:6:4
  }
{
    message: listening on port 5000,
    level: info,
    Project: UMS,
    Date: Tue Jun 13 2023 ,
    time: 0:6:4
  }
{
    message: Database Connection Successfully,
    level: info,
    Project: UMS,
    Date: Tue Jun 13 2023 ,
    time: 0:6:11
  }
{
    message: listening on port 5000,
    level: info,
    Project: UMS,
    Date: Tue Jun 13 2023 ,
    time: 0:6:11
  }
{
    message: Database Connection Successfully,
    level: info,
    Project: UMS,
    Date: Tue Jun 13 2023 ,
    time: 0:6:21
  }
{
    message: listening on port 5000,
    level: info,
    Project: UMS,
    Date: Tue Jun 13 2023 ,
    time: 0:6:22
  }
{
    message: Database Connection Successfully,
    level: info,
    Project: UMS,
    Date: Tue Jun 13 2023 ,
    time: 0:6:31
  }
{
    message: listening on port 5000,
    level: info,
    Project: UMS,
    Date: Tue Jun 13 2023 ,
    time: 0:6:31
  }
{
    message: Database Connection Successfully,
    level: info,
    Project: UMS,
    Date: Tue Jun 13 2023 ,
    time: 0:6:37
  }
{
    message: listening on port 5000,
    level: info,
    Project: UMS,
    Date: Tue Jun 13 2023 ,
    time: 0:6:37
  }
{
    message: Database Connection Successfully,
    level: info,
    Project: UMS,
    Date: Tue Jun 13 2023 ,
    time: 0:6:43
  }
{
    message: listening on port 5000,
    level: info,
    Project: UMS,
    Date: Tue Jun 13 2023 ,
    time: 0:6:43
  }
{
    message: Database Connection Successfully,
    level: info,
    Project: UMS,
    Date: Tue Jun 13 2023 ,
    time: 0:6:48
  }
{
    message: listening on port 5000,
    level: info,
    Project: UMS,
    Date: Tue Jun 13 2023 ,
    time: 0:6:48
  }
{
    message: Database Connection Successfully,
    level: info,
    Project: UMS,
    Date: Tue Jun 13 2023 ,
    time: 0:6:55
  }
{
    message: listening on port 5000,
    level: info,
    Project: UMS,
    Date: Tue Jun 13 2023 ,
    time: 0:6:55
  }
{
    message: Database Connection Successfully,
    level: info,
    Project: UMS,
    Date: Tue Jun 13 2023 ,
    time: 0:7:6
  }
{
    message: listening on port 5000,
    level: info,
    Project: UMS,
    Date: Tue Jun 13 2023 ,
    time: 0:7:6
  }
{
    message: Database Connection Successfully,
    level: info,
    Project: UMS,
    Date: Tue Jun 13 2023 ,
    time: 0:12:35
  }
{
    message: listening on port 5000,
    level: info,
    Project: UMS,
    Date: Tue Jun 13 2023 ,
    time: 0:12:35
  }
{
    message: Database Connection Successfully,
    level: info,
    Project: UMS,
    Date: Tue Jun 13 2023 ,
    time: 0:17:48
  }
{
    message: listening on port 5000,
    level: info,
    Project: UMS,
    Date: Tue Jun 13 2023 ,
    time: 0:17:48
  }
