{
    message: Database Connection Successfully,
    level: info,
    Project: UMS,
    Date: Sat Jun 10 2023 ,
    time: 23:0:48
  }
{
    message: listening on port 5000,
    level: info,
    Project: UMS,
    Date: Sat Jun 10 2023 ,
    time: 23:0:48
  }
{
    message: Database Connection Successfully,
    level: info,
    Project: UMS,
    Date: Sat Jun 10 2023 ,
    time: 23:3:20
  }
{
    message: listening on port 5000,
    level: info,
    Project: UMS,
    Date: Sat Jun 10 2023 ,
    time: 23:3:20
  }
{
    message: Database Connection Successfully,
    level: info,
    Project: UMS,
    Date: Sat Jun 10 2023 ,
    time: 23:3:31
  }
{
    message: listening on port 5000,
    level: info,
    Project: UMS,
    Date: Sat Jun 10 2023 ,
    time: 23:3:31
  }
{
    message: Database Connection Successfully,
    level: info,
    Project: UMS,
    Date: Sat Jun 10 2023 ,
    time: 23:3:35
  }
{
    message: listening on port 5000,
    level: info,
    Project: UMS,
    Date: Sat Jun 10 2023 ,
    time: 23:3:35
  }
{
    message: Database Connection Successfully,
    level: info,
    Project: UMS,
    Date: Sat Jun 10 2023 ,
    time: 23:3:39
  }
{
    message: listening on port 5000,
    level: info,
    Project: UMS,
    Date: Sat Jun 10 2023 ,
    time: 23:3:39
  }
{
    message: Database Connection Successfully,
    level: info,
    Project: UMS,
    Date: Sat Jun 10 2023 ,
    time: 23:11:50
  }
{
    message: listening on port 5000,
    level: info,
    Project: UMS,
    Date: Sat Jun 10 2023 ,
    time: 23:11:50
  }
