{
    message: Database Connection Successfully,
    level: info,
    Project: UMS,
    Date: Mon Jun 12 2023 ,
    time: 22:28:56
  }
{
    message: listening on port 5000,
    level: info,
    Project: UMS,
    Date: Mon Jun 12 2023 ,
    time: 22:28:57
  }
{
    message: Database Connection Successfully,
    level: info,
    Project: UMS,
    Date: Mon Jun 12 2023 ,
    time: 22:30:21
  }
{
    message: listening on port 5000,
    level: info,
    Project: UMS,
    Date: Mon Jun 12 2023 ,
    time: 22:30:21
  }
{
    message: Database Connection Successfully,
    level: info,
    Project: UMS,
    Date: Mon Jun 12 2023 ,
    time: 22:31:1
  }
{
    message: listening on port 5000,
    level: info,
    Project: UMS,
    Date: Mon Jun 12 2023 ,
    time: 22:31:1
  }
{
    message: Database Connection Successfully,
    level: info,
    Project: UMS,
    Date: Mon Jun 12 2023 ,
    time: 22:33:5
  }
{
    message: listening on port 5000,
    level: info,
    Project: UMS,
    Date: Mon Jun 12 2023 ,
    time: 22:33:5
  }
{
    message: Database Connection Successfully,
    level: info,
    Project: UMS,
    Date: Mon Jun 12 2023 ,
    time: 22:33:46
  }
{
    message: listening on port 5000,
    level: info,
    Project: UMS,
    Date: Mon Jun 12 2023 ,
    time: 22:33:46
  }
{
    message: Database Connection Successfully,
    level: info,
    Project: UMS,
    Date: Mon Jun 12 2023 ,
    time: 22:42:19
  }
{
    message: listening on port 5000,
    level: info,
    Project: UMS,
    Date: Mon Jun 12 2023 ,
    time: 22:42:19
  }
