{
    message: Database Connection Successfully,
    level: info,
    Project: UMS,
    Date: Wed Jun 14 2023 ,
    time: 11:39:17
  }
{
    message: listening on port 5000,
    level: info,
    Project: UMS,
    Date: Wed Jun 14 2023 ,
    time: 11:39:17
  }
{
    message: Database Connection Successfully,
    level: info,
    Project: UMS,
    Date: Wed Jun 14 2023 ,
    time: 11:45:3
  }
{
    message: listening on port 5000,
    level: info,
    Project: UMS,
    Date: Wed Jun 14 2023 ,
    time: 11:45:3
  }
{
    message: Database Connection Successfully,
    level: info,
    Project: UMS,
    Date: Wed Jun 14 2023 ,
    time: 11:50:54
  }
{
    message: listening on port 5000,
    level: info,
    Project: UMS,
    Date: Wed Jun 14 2023 ,
    time: 11:50:54
  }
{
    message: Database Connection Successfully,
    level: info,
    Project: UMS,
    Date: Wed Jun 14 2023 ,
    time: 11:50:58
  }
{
    message: listening on port 5000,
    level: info,
    Project: UMS,
    Date: Wed Jun 14 2023 ,
    time: 11:50:58
  }
{
    message: Database Connection Successfully,
    level: info,
    Project: UMS,
    Date: Wed Jun 14 2023 ,
    time: 11:51:14
  }
{
    message: listening on port 5000,
    level: info,
    Project: UMS,
    Date: Wed Jun 14 2023 ,
    time: 11:51:14
  }
{
    message: Database Connection Successfully,
    level: info,
    Project: UMS,
    Date: Wed Jun 14 2023 ,
    time: 11:51:54
  }
{
    message: listening on port 5000,
    level: info,
    Project: UMS,
    Date: Wed Jun 14 2023 ,
    time: 11:51:54
  }
{
    message: Database Connection Successfully,
    level: info,
    Project: UMS,
    Date: Wed Jun 14 2023 ,
    time: 11:53:6
  }
{
    message: listening on port 5000,
    level: info,
    Project: UMS,
    Date: Wed Jun 14 2023 ,
    time: 11:53:6
  }
{
    message: Database Connection Successfully,
    level: info,
    Project: UMS,
    Date: Wed Jun 14 2023 ,
    time: 11:53:21
  }
{
    message: listening on port 5000,
    level: info,
    Project: UMS,
    Date: Wed Jun 14 2023 ,
    time: 11:53:21
  }
