{
    message: Database Connection Successfully,
    level: info,
    Project: UMS,
    Date: Thu Jun 15 2023 ,
    time: 12:5:17
  }
{
    message: listening on port 5000,
    level: info,
    Project: UMS,
    Date: Thu Jun 15 2023 ,
    time: 12:5:18
  }
{
    message: Database Connection Successfully,
    level: info,
    Project: UMS,
    Date: Thu Jun 15 2023 ,
    time: 12:12:27
  }
{
    message: listening on port 5000,
    level: info,
    Project: UMS,
    Date: Thu Jun 15 2023 ,
    time: 12:12:27
  }
{
    message: Database Connection Successfully,
    level: info,
    Project: UMS,
    Date: Thu Jun 15 2023 ,
    time: 12:12:37
  }
{
    message: listening on port 5000,
    level: info,
    Project: UMS,
    Date: Thu Jun 15 2023 ,
    time: 12:12:37
  }
{
    message: Database Connection Successfully,
    level: info,
    Project: UMS,
    Date: Thu Jun 15 2023 ,
    time: 12:24:13
  }
{
    message: listening on port 5000,
    level: info,
    Project: UMS,
    Date: Thu Jun 15 2023 ,
    time: 12:24:13
  }
