{
    message: Database Connection Successfully,
    level: info,
    Project: UMS,
    Date: Thu Jun 15 2023 ,
    time: 13:43:22
  }
{
    message: listening on port 5000,
    level: info,
    Project: UMS,
    Date: Thu Jun 15 2023 ,
    time: 13:43:22
  }
{
    message: Database Connection Successfully,
    level: info,
    Project: UMS,
    Date: Thu Jun 15 2023 ,
    time: 13:50:11
  }
{
    message: listening on port 5000,
    level: info,
    Project: UMS,
    Date: Thu Jun 15 2023 ,
    time: 13:50:11
  }
{
    message: Database Connection Successfully,
    level: info,
    Project: UMS,
    Date: Thu Jun 15 2023 ,
    time: 13:50:19
  }
{
    message: listening on port 5000,
    level: info,
    Project: UMS,
    Date: Thu Jun 15 2023 ,
    time: 13:50:19
  }
{
    message: Database Connection Successfully,
    level: info,
    Project: UMS,
    Date: Thu Jun 15 2023 ,
    time: 13:50:31
  }
{
    message: listening on port 5000,
    level: info,
    Project: UMS,
    Date: Thu Jun 15 2023 ,
    time: 13:50:31
  }
{
    message: Database Connection Successfully,
    level: info,
    Project: UMS,
    Date: Thu Jun 15 2023 ,
    time: 13:51:28
  }
{
    message: listening on port 5000,
    level: info,
    Project: UMS,
    Date: Thu Jun 15 2023 ,
    time: 13:51:28
  }
{
    message: Database Connection Successfully,
    level: info,
    Project: UMS,
    Date: Thu Jun 15 2023 ,
    time: 13:53:3
  }
{
    message: listening on port 5000,
    level: info,
    Project: UMS,
    Date: Thu Jun 15 2023 ,
    time: 13:53:4
  }
{
    message: Database Connection Successfully,
    level: info,
    Project: UMS,
    Date: Thu Jun 15 2023 ,
    time: 13:53:15
  }
{
    message: listening on port 5000,
    level: info,
    Project: UMS,
    Date: Thu Jun 15 2023 ,
    time: 13:53:15
  }
{
    message: Database Connection Successfully,
    level: info,
    Project: UMS,
    Date: Thu Jun 15 2023 ,
    time: 13:53:30
  }
{
    message: listening on port 5000,
    level: info,
    Project: UMS,
    Date: Thu Jun 15 2023 ,
    time: 13:53:30
  }
{
    message: Database Connection Successfully,
    level: info,
    Project: UMS,
    Date: Thu Jun 15 2023 ,
    time: 13:53:39
  }
{
    message: listening on port 5000,
    level: info,
    Project: UMS,
    Date: Thu Jun 15 2023 ,
    time: 13:53:39
  }
{
    message: Database Connection Successfully,
    level: info,
    Project: UMS,
    Date: Thu Jun 15 2023 ,
    time: 13:54:5
  }
{
    message: listening on port 5000,
    level: info,
    Project: UMS,
    Date: Thu Jun 15 2023 ,
    time: 13:54:5
  }
{
    message: Database Connection Successfully,
    level: info,
    Project: UMS,
    Date: Thu Jun 15 2023 ,
    time: 13:54:35
  }
{
    message: listening on port 5000,
    level: info,
    Project: UMS,
    Date: Thu Jun 15 2023 ,
    time: 13:54:35
  }
{
    message: Database Connection Successfully,
    level: info,
    Project: UMS,
    Date: Thu Jun 15 2023 ,
    time: 13:54:39
  }
{
    message: listening on port 5000,
    level: info,
    Project: UMS,
    Date: Thu Jun 15 2023 ,
    time: 13:54:39
  }
{
    message: Database Connection Successfully,
    level: info,
    Project: UMS,
    Date: Thu Jun 15 2023 ,
    time: 13:54:54
  }
{
    message: listening on port 5000,
    level: info,
    Project: UMS,
    Date: Thu Jun 15 2023 ,
    time: 13:54:54
  }
{
    message: Database Connection Successfully,
    level: info,
    Project: UMS,
    Date: Thu Jun 15 2023 ,
    time: 13:55:27
  }
{
    message: listening on port 5000,
    level: info,
    Project: UMS,
    Date: Thu Jun 15 2023 ,
    time: 13:55:27
  }
{
    message: Database Connection Successfully,
    level: info,
    Project: UMS,
    Date: Thu Jun 15 2023 ,
    time: 13:57:21
  }
{
    message: listening on port 5000,
    level: info,
    Project: UMS,
    Date: Thu Jun 15 2023 ,
    time: 13:57:21
  }
{
    message: Database Connection Successfully,
    level: info,
    Project: UMS,
    Date: Thu Jun 15 2023 ,
    time: 13:58:23
  }
{
    message: listening on port 5000,
    level: info,
    Project: UMS,
    Date: Thu Jun 15 2023 ,
    time: 13:58:23
  }
{
    message: Database Connection Successfully,
    level: info,
    Project: UMS,
    Date: Thu Jun 15 2023 ,
    time: 13:58:33
  }
{
    message: listening on port 5000,
    level: info,
    Project: UMS,
    Date: Thu Jun 15 2023 ,
    time: 13:58:33
  }
{
    message: Database Connection Successfully,
    level: info,
    Project: UMS,
    Date: Thu Jun 15 2023 ,
    time: 13:58:42
  }
{
    message: listening on port 5000,
    level: info,
    Project: UMS,
    Date: Thu Jun 15 2023 ,
    time: 13:58:42
  }
{
    message: Database Connection Successfully,
    level: info,
    Project: UMS,
    Date: Thu Jun 15 2023 ,
    time: 13:58:51
  }
{
    message: listening on port 5000,
    level: info,
    Project: UMS,
    Date: Thu Jun 15 2023 ,
    time: 13:58:51
  }
{
    message: Database Connection Successfully,
    level: info,
    Project: UMS,
    Date: Thu Jun 15 2023 ,
    time: 13:59:15
  }
{
    message: listening on port 5000,
    level: info,
    Project: UMS,
    Date: Thu Jun 15 2023 ,
    time: 13:59:15
  }
