{
    message: Academic Semester is already exist!!,
    level: error,
    Project: UMS,
    Date: Tue Jun 13 2023 ,
    time: 9:51:44
  }
{
    message: Cannot set headers after they are sent to the client,
    level: error,
    Project: UMS,
    Date: Tue Jun 13 2023 ,
    time: 9:52:33
  }
{
    message: Cannot set headers after they are sent to the client,
    level: error,
    Project: UMS,
    Date: Tue Jun 13 2023 ,
    time: 9:54:58
  }
{
    message: Cannot set headers after they are sent to the client,
    level: error,
    Project: UMS,
    Date: Tue Jun 13 2023 ,
    time: 9:55:19
  }
{
    message: Cannot set headers after they are sent to the client,
    level: error,
    Project: UMS,
    Date: Tue Jun 13 2023 ,
    time: 9:56:40
  }
