{"level":"info","message":"Database Connection Successfully","service":"user-service"}
{"level":"info","message":"listening on port 5000","service":"user-service"}
{"level":"info","message":"Database Connection Successfully","service":"user-service"}
{"level":"info","message":"listening on port 5000","service":"user-service"}
{"level":"info","message":"Database Connection Successfully","service":"user-service"}
{"level":"info","message":"listening on port 5000","service":"user-service"}
{"level":"info","message":"Database Connection Successfully","service":"user-service"}
{"level":"info","message":"listening on port 5000","service":"user-service"}
{"level":"info","message":"Database Connection Successfully","service":"user-service"}
{"level":"info","message":"listening on port 5000","service":"user-service"}
{"level":"info","message":"Database Connection Successfully","service":"user-service"}
{"level":"info","message":"listening on port 5000","service":"user-service"}
2023-06-02T17:23:32.865Z [UMS] info: Database Connection Successfully
2023-06-02T17:23:32.895Z [UMS] info: listening on port 5000
Fri Jun 02 2023 23:26:40 GMT+0600 (Bangladesh Standard Time) 23:26 40 [UMS] info: Database Connection Successfully
Fri Jun 02 2023 23:26:40 GMT+0600 (Bangladesh Standard Time) 23:26 40 [UMS] info: listening on port 5000
Fri Jun 02 2023 23:27:20 GMT+0600 (Bangladesh Standard Time) 23:27:20 [UMS] info: Database Connection Successfully
Fri Jun 02 2023 23:27:20 GMT+0600 (Bangladesh Standard Time) 23:27:20 [UMS] info: listening on port 5000
Fri Jun 02 2023 23:27:29 GMT+0600 (Bangladesh Standard Time) 23:27:29 [UMS] info: Database Connection Successfully
Fri Jun 02 2023 23:27:29 GMT+0600 (Bangladesh Standard Time) 23:27:29 [UMS] info: listening on port 5000
Fri Jun 02 2023 23:27:42 [UMS] info: Database Connection Successfully
Fri Jun 02 2023 23:27:42 [UMS] info: listening on port 5000
Fri Jun 02 2023 23:30:14 [UMS] info: Database Connection Successfully
Fri Jun 02 2023 23:30:15 [UMS] info: listening on port 5000
{
  message: 'Database Connection Successfully',
  level: 'info',
  service: 'user-service',
  label: 'UMS',
  timestamp: '2023-06-02T17:30:41.675Z'
}
{
  message: 'listening on port 5000',
  level: 'info',
  service: 'user-service',
  label: 'UMS',
  timestamp: '2023-06-02T17:30:41.706Z'
}
{
  message: 'Database Connection Successfully',
  level: 'info',
  service: 'user-service',
  label: 'UMS',
  timestamp: '2023-06-02T17:30:47.179Z'
}
{
  message: 'listening on port 5000',
  level: 'info',
  service: 'user-service',
  label: 'UMS',
  timestamp: '2023-06-02T17:30:47.205Z'
}
{
  message: 'Database Connection Successfully',
  level: 'info',
  service: 'user-service',
  label: 'UMS',
  timestamp: '2023-06-02T17:31:18.812Z'
}
{
  message: 'listening on port 5000',
  level: 'info',
  service: 'user-service',
  label: 'UMS',
  timestamp: '2023-06-02T17:31:18.845Z'
}
{
  message: 'Database Connection Successfully',
  level: 'info',
  service: 'user-service',
  label: 'UMS',
  timestamp: '2023-06-02T17:31:24.272Z'
}
{
  message: 'listening on port 5000',
  level: 'info',
  service: 'user-service',
  label: 'UMS',
  timestamp: '2023-06-02T17:31:24.301Z'
}
date: Fri Jun 02 2023 time: 23:31:50 [UMS] info: Database Connection Successfully
date: Fri Jun 02 2023 time: 23:31:50 [UMS] info: listening on port 5000
{
  message: 'Database Connection Successfully',
  level: 'info',
  service: 'user-service',
  label: 'UMS',
  timestamp: '2023-06-02T17:32:01.382Z'
}
{
  message: 'listening on port 5000',
  level: 'info',
  service: 'user-service',
  label: 'UMS',
  timestamp: '2023-06-02T17:32:01.402Z'
}
date: Fri Jun 02 2023 time: 23:32:25 [UMS] info: Database Connection Successfully
date: Fri Jun 02 2023 time: 23:32:25 [UMS] info: listening on port 5000
date: Fri Jun 02 2023 time: 23:32:28 [UMS] info: Database Connection Successfully
date: Fri Jun 02 2023 time: 23:32:28 [UMS] info: listening on port 5000
date: Fri Jun 02 2023 time: 23:32:32 [UMS] info: Database Connection Successfully
date: Fri Jun 02 2023 time: 23:32:32 [UMS] info: listening on port 5000
{
    
  } date: Fri Jun 02 2023 time: 23:33:10 [UMS] info: Database Connection Successfully
{
    
  } date: Fri Jun 02 2023 time: 23:33:10 [UMS] info: listening on port 5000
{
    message: Database Connection Successfully
  } date: Fri Jun 02 2023 time: 23:33:39 [UMS] info: Database Connection Successfully
{
    message: listening on port 5000
  } date: Fri Jun 02 2023 time: 23:33:39 [UMS] info: listening on port 5000
{
    message: Database Connection Successfully,
    level: info
  } date: Fri Jun 02 2023 time: 23:34:8 [UMS] info: Database Connection Successfully
{
    message: listening on port 5000,
    level: info
  } date: Fri Jun 02 2023 time: 23:34:8 [UMS] info: listening on port 5000
{
    message: Database Connection Successfully,
    level: info,
    
  } date: Fri Jun 02 2023 time: 23:34:11 [UMS] info: Database Connection Successfully
{
    message: listening on port 5000,
    level: info,
    
  } date: Fri Jun 02 2023 time: 23:34:11 [UMS] info: listening on port 5000
{
    message: Database Connection Successfully,
    level: info,
    services: [UMS],
  } date: Fri Jun 02 2023 time: 23:34:35 [UMS] info: Database Connection Successfully
{
    message: listening on port 5000,
    level: info,
    services: [UMS],
  } date: Fri Jun 02 2023 time: 23:34:35 [UMS] info: listening on port 5000
{
    message: Database Connection Successfully,
    level: info,
    services: [UMS],
    Date: Fri Jun 02 2023 
  } date: time: 23:34:50 [UMS] info: Database Connection Successfully
{
    message: listening on port 5000,
    level: info,
    services: [UMS],
    Date: Fri Jun 02 2023 
  } date: time: 23:34:50 [UMS] info: listening on port 5000
{
    message: Database Connection Successfully,
    level: info,
    services: [UMS],
    Date: Fri Jun 02 2023 
  } date: [UMS] info: Database Connection Successfully
{
    message: listening on port 5000,
    level: info,
    services: [UMS],
    Date: Fri Jun 02 2023 
  } date: [UMS] info: listening on port 5000
{
    message: Database Connection Successfully,
    level: info,
    services: [UMS],
    Date: Fri Jun 02 2023 
  }
{
    message: listening on port 5000,
    level: info,
    services: [UMS],
    Date: Fri Jun 02 2023 
  }
{
    message: Database Connection Successfully,
    level: info,
    services: [UMS],
    Date: Fri Jun 02 2023 ,
    time: 23:35:9
  }
{
    message: listening on port 5000,
    level: info,
    services: [UMS],
    Date: Fri Jun 02 2023 ,
    time: 23:35:9
  }
{
    message: Database Connection Successfully,
    level: info,
    Project: [UMS],
    Date: Fri Jun 02 2023 ,
    time: 23:35:47
  }
{
    message: listening on port 5000,
    level: info,
    Project: [UMS],
    Date: Fri Jun 02 2023 ,
    time: 23:35:47
  }
{
    message: Database Connection Successfully,
    level: info,
    Project: UMS,
    Date: Fri Jun 02 2023 ,
    time: 23:35:58
  }
{
    message: listening on port 5000,
    level: info,
    Project: UMS,
    Date: Fri Jun 02 2023 ,
    time: 23:35:58
  }
{
    message: Database Connection Successfully,
    level: info,
    Project: UMS,
    Date: Fri Jun 02 2023 ,
    time: 23:36:17
  }
{
    message: listening on port 5000,
    level: info,
    Project: UMS,
    Date: Fri Jun 02 2023 ,
    time: 23:36:17
  }
